<?xml version="1.0" encoding="UTF-8"?>
<!-- Generated by org.testng.reporters.JUnitXMLReporter -->
<testsuite ignored="0" hostname="Mac" failures="0" tests="10" name="2 - Share Calculation" time="0.032" errors="0" timestamp="2026-06-08T14:43:28 IST">
  <testcase classname="org.crd.tests.ShareCalculationTest" name="fullAccountAbcScenario" time="0.003"/>
  <testcase classname="org.crd.tests.ShareCalculationTest" name="holdSecurities" time="0.001"/>
  <testcase classname="org.crd.tests.ShareCalculationTest" name="ibmBuy66Shares" time="0.001"/>
  <testcase classname="org.crd.tests.ShareCalculationTest" name="orclSell45Shares" time="0.0"/>
  <testcase classname="org.crd.tests.ShareCalculationTest" name="stockPriceExceedsAllocation" time="0.001"/>
  <testcase classname="org.crd.tests.ShareCalculationTest" name="tcParameterized_allSecurities" time="0.002"/>
  <testcase classname="org.crd.tests.ShareCalculationTest" name="tcParameterized_allSecurities" time="0.0"/>
  <testcase classname="org.crd.tests.ShareCalculationTest" name="tcParameterized_allSecurities" time="0.0"/>
  <testcase classname="org.crd.tests.ShareCalculationTest" name="tcParameterized_allSecurities" time="0.0"/>
  <testcase classname="org.crd.tests.ShareCalculationTest" name="tcParameterized_allSecurities" time="0.0"/>
</testsuite> <!-- 2 - Share Calculation -->
