<?xml version="1.0" encoding="UTF-8"?>
<!-- Generated by org.testng.reporters.JUnitXMLReporter -->
<testsuite ignored="0" hostname="Mac" failures="0" tests="4" name="3 - Zero Variance" time="0.025" errors="0" timestamp="2026-06-08T14:43:28 IST">
  <testcase classname="org.crd.tests.ZeroVarianceTest" name="alreadyBalancedPortfolio" time="0.002"/>
  <testcase classname="org.crd.tests.ZeroVarianceTest" name="rebalanceIsSelfFunding" time="0.003"/>
  <testcase classname="org.crd.tests.ZeroVarianceTest" name="tradesAchieveZeroVariance" time="0.001"/>
  <testcase classname="org.crd.tests.ZeroVarianceTest" name="noFurtherTradesAfterRebalance" time="0.001"/>
</testsuite> <!-- 3 - Zero Variance -->
