<?xml version="1.0" encoding="UTF-8"?>
<testsuite xmlns:xsi="http://www.w3.org/2001/XMLSchema-instance" xsi:noNamespaceSchemaLocation="https://maven.apache.org/surefire/maven-surefire-plugin/xsd/surefire-test-report-3.0.xsd" version="3.0" name="TestSuite" time="1.586" tests="31" errors="0" skipped="0" failures="0">
  <properties>
[...]
</properties>
  <testcase name="Parameterized_allSecurities[org.crd.Security@3e08ff24, BUY, 66](1)" classname="org.crd.tests.RebalanceCalculatorTest" time="0.151">
    <system-out><![CDATA[...
... TestNG 7.9.0 by Cédric Beust (cedric@beust.com)
...

]]></system-out>
    <system-err><![CDATA[SLF4J: Failed to load class "org.slf4j.impl.StaticLoggerBinder".
SLF4J: Defaulting to no-operation (NOP) logger implementation
SLF4J: See http://www.slf4j.org/codes.html#StaticLoggerBinder for further details.
]]></system-err>
  </testcase>
  <testcase name="Parameterized_allSecurities[org.crd.Security@4c2bb6e0, HOLD, 0](2)" classname="org.crd.tests.RebalanceCalculatorTest" time="0.0"/>
  <testcase name="Parameterized_allSecurities[org.crd.Security@4ef74c30, SELL, 45](3)" classname="org.crd.tests.RebalanceCalculatorTest" time="0.0"/>
  <testcase name="Parameterized_allSecurities[org.crd.Security@638ef7ed, HOLD, 0](4)" classname="org.crd.tests.RebalanceCalculatorTest" time="0.0"/>
  <testcase name="Parameterized_allSecurities[org.crd.Security@3f1d2e23, HOLD, 0](5)" classname="org.crd.tests.RebalanceCalculatorTest" time="0.0"/>
  <testcase name="correctSecurityLabels" classname="org.crd.tests.RebalanceCalculatorTest" time="0.0"/>
  <testcase name="decimalUnitPriceHandledCorrectly" classname="org.crd.tests.RebalanceCalculatorTest" time="0.0"/>
  <testcase name="holdRowsShowZeroShares" classname="org.crd.tests.RebalanceCalculatorTest" time="0.0"/>
  <testcase name="negativeTotalAssetsBlocked" classname="org.crd.tests.RebalanceCalculatorTest" time="0.0"/>
  <testcase name="oneRowPerSecurity" classname="org.crd.tests.RebalanceCalculatorTest" time="0.0"/>
  <testcase name="residualCashNotAnError" classname="org.crd.tests.RebalanceCalculatorTest" time="0.0"/>
  <testcase name="sharesAlwaysRoundedDown" classname="org.crd.tests.RebalanceCalculatorTest" time="0.0"/>
  <testcase name="totalTargetExceeds100Blocked" classname="org.crd.tests.RebalanceCalculatorTest" time="0.0"/>
  <testcase name="validActionValues" classname="org.crd.tests.RebalanceCalculatorTest" time="0.0"/>
  <testcase name="validInputAccepted" classname="org.crd.tests.RebalanceCalculatorTest" time="0.0"/>
  <testcase name="zeroTotalAssetsBlocked" classname="org.crd.tests.RebalanceCalculatorTest" time="0.0"/>
  <testcase name="zeroUnitPriceBlocked" classname="org.crd.tests.RebalanceCalculatorTest" time="0.0"/>
  <testcase name="fullAccountAbcScenario" classname="org.crd.tests.ShareCalculationTest" time="0.003"/>
  <testcase name="holdSecurities" classname="org.crd.tests.ShareCalculationTest" time="0.0"/>
  <testcase name="ibmBuy66Shares" classname="org.crd.tests.ShareCalculationTest" time="0.0"/>
  <testcase name="orclSell45Shares" classname="org.crd.tests.ShareCalculationTest" time="0.001"/>
  <testcase name="stockPriceExceedsAllocation" classname="org.crd.tests.ShareCalculationTest" time="0.0"/>
  <testcase name="tcParameterized_allSecurities[org.crd.Security@3e08ff24, BUY, 66](1)" classname="org.crd.tests.ShareCalculationTest" time="0.001"/>
  <testcase name="tcParameterized_allSecurities[org.crd.Security@4c2bb6e0, HOLD, 0](2)" classname="org.crd.tests.ShareCalculationTest" time="0.0"/>
  <testcase name="tcParameterized_allSecurities[org.crd.Security@4ef74c30, SELL, 45](3)" classname="org.crd.tests.ShareCalculationTest" time="0.0"/>
  <testcase name="tcParameterized_allSecurities[org.crd.Security@638ef7ed, HOLD, 0](4)" classname="org.crd.tests.ShareCalculationTest" time="0.001"/>
  <testcase name="tcParameterized_allSecurities[org.crd.Security@3f1d2e23, HOLD, 0](5)" classname="org.crd.tests.ShareCalculationTest" time="0.0"/>
  <testcase name="alreadyBalancedPortfolio" classname="org.crd.tests.ZeroVarianceTest" time="0.002"/>
  <testcase name="rebalanceIsSelfFunding" classname="org.crd.tests.ZeroVarianceTest" time="0.002"/>
  <testcase name="tradesAchieveZeroVariance" classname="org.crd.tests.ZeroVarianceTest" time="0.003"/>
  <testcase name="noFurtherTradesAfterRebalance" classname="org.crd.tests.ZeroVarianceTest" time="0.001"/>
</testsuite>