<?xml version="1.0" encoding="UTF-8"?>
<!-- Generated by org.testng.reporters.JUnitReportReporter -->
<testsuite hostname="Mac" failures="0" tests="17" name="org.crd.tests.RebalanceCalculatorTest" time="0.124" errors="0" timestamp="2026-06-08T14:43:28 IST" skipped="0">
  <testcase classname="org.crd.tests.RebalanceCalculatorTest" name="negativeTotalAssetsBlocked" time="0.001"/>
  <testcase classname="org.crd.tests.RebalanceCalculatorTest" name="correctSecurityLabels" time="0.021"/>
  <testcase classname="org.crd.tests.RebalanceCalculatorTest" name="Parameterized_allSecurities" time="0.000"/>
  <testcase classname="org.crd.tests.RebalanceCalculatorTest" name="residualCashNotAnError" time="0.000"/>
  <testcase classname="org.crd.tests.RebalanceCalculatorTest" name="oneRowPerSecurity" time="0.003"/>
  <testcase classname="org.crd.tests.RebalanceCalculatorTest" name="Parameterized_allSecurities" time="0.000"/>
  <testcase classname="org.crd.tests.RebalanceCalculatorTest" name="zeroUnitPriceBlocked" time="0.002"/>
  <testcase classname="org.crd.tests.RebalanceCalculatorTest" name="validInputAccepted" time="0.002"/>
  <testcase classname="org.crd.tests.RebalanceCalculatorTest" name="Parameterized_allSecurities" time="0.000"/>
  <testcase classname="org.crd.tests.RebalanceCalculatorTest" name="Parameterized_allSecurities" time="0.082"/>
  <testcase classname="org.crd.tests.RebalanceCalculatorTest" name="sharesAlwaysRoundedDown" time="0.001"/>
  <testcase classname="org.crd.tests.RebalanceCalculatorTest" name="decimalUnitPriceHandledCorrectly" time="0.001"/>
  <testcase classname="org.crd.tests.RebalanceCalculatorTest" name="zeroTotalAssetsBlocked" time="0.000"/>
  <testcase classname="org.crd.tests.RebalanceCalculatorTest" name="holdRowsShowZeroShares" time="0.002"/>
  <testcase classname="org.crd.tests.RebalanceCalculatorTest" name="validActionValues" time="0.001"/>
  <testcase classname="org.crd.tests.RebalanceCalculatorTest" name="totalTargetExceeds100Blocked" time="0.007"/>
  <testcase classname="org.crd.tests.RebalanceCalculatorTest" name="Parameterized_allSecurities" time="0.001"/>
</testsuite> <!-- org.crd.tests.RebalanceCalculatorTest -->
