<?xml version="1.0" encoding="UTF-8"?>
<!-- Generated by org.testng.reporters.JUnitReportReporter -->
<testsuite hostname="Mac" failures="0" tests="4" name="org.crd.tests.ZeroVarianceTest" time="0.007" errors="0" timestamp="2026-06-08T14:43:28 IST" skipped="0">
  <testcase classname="org.crd.tests.ZeroVarianceTest" name="tradesAchieveZeroVariance" time="0.001"/>
  <testcase classname="org.crd.tests.ZeroVarianceTest" name="alreadyBalancedPortfolio" time="0.002"/>
  <testcase classname="org.crd.tests.ZeroVarianceTest" name="rebalanceIsSelfFunding" time="0.003"/>
  <testcase classname="org.crd.tests.ZeroVarianceTest" name="noFurtherTradesAfterRebalance" time="0.001"/>
</testsuite> <!-- org.crd.tests.ZeroVarianceTest -->
